Arguments: 
  C:\Program Files\nodejs\node.exe C:\Users\isaque.silva\AppData\Roaming\npm\node_modules\yarn\bin\yarn.js

PATH: 
  C:\Users\isaque.silva\bin;C:\Program Files\Git\mingw64\bin;C:\Program Files\Git\usr\local\bin;C:\Program Files\Git\usr\bin;C:\Program Files\Git\usr\bin;C:\Program Files\Git\mingw64\bin;C:\Program Files\Git\usr\bin;C:\Users\isaque.silva\bin;C:\Program Files (x86)\Common Files\Oracle\Java\javapath;C:\Windows\system32;C:\Windows;C:\Windows\System32\Wbem;C:\Windows\System32\WindowsPowerShell\v1.0;C:\Windows\System32\OpenSSH;C:\Program Files\Docker\Docker\resources\bin;C:\ProgramData\DockerDesktop\version-bin;C:\Program Files\Git\cmd;C:\Program Files\nodejs;C:\Program Files\Microsoft SQL Server\Client SDK\ODBC\130\Tools\Binn;C:\Program Files (x86)\Microsoft SQL Server\140\Tools\Binn;C:\Program Files\Microsoft SQL Server\140\Tools\Binn;C:\Program Files\Microsoft SQL Server\140\DTS\Binn;C:\Program Files (x86)\Microsoft SQL Server\150\DTS\Binn;C:\Program Files\Azure Data Studio\bin;C:\Program Files\Microsoft SQL Server\Client SDK\ODBC\170\Tools\Binn;C:\Users\isaque.silva\AppData\Local\Programs\Python\Python311\Scripts;C:\Users\isaque.silva\AppData\Local\Programs\Python\Python311;C:\Users\isaque.silva\AppData\Local\Microsoft\WindowsApps;C:\Users\isaque.silva\AppData\Local\Programs\Microsoft VS Code\bin;C:\Users\isaque.silva\AppData\Roaming\npm;C:\Program Files\Azure Data Studio\bin;C:\Program Files\Git\usr\bin\vendor_perl;C:\Program Files\Git\usr\bin\core_perl

Yarn version: 
  1.22.19

Node version: 
  16.14.0

Platform: 
  win32 x64

Trace: 
  Error: EPERM: operation not permitted, copyfile 'C:\Users\isaque.silva\AppData\Local\Yarn\Cache\v6\npm-react-native-0.71.8-4314145341c49448cf7465b93ced52a433a5e191-integrity\node_modules\react-native\Libraries\LogBox\UI\LogBoxImages\close.png' -> 'C:\workspace\NLW07\mobile\node_modules\react-native\Libraries\LogBox\UI\LogBoxImages\close.png'

npm manifest: 
  {
    "name": "mobile",
    "version": "1.0.0",
    "main": "node_modules/expo/AppEntry.js",
    "scripts": {
      "start": "expo start",
      "android": "expo start --android",
      "ios": "expo start --ios",
      "web": "expo start --web"
    },
    "dependencies": {
      "@expo-google-fonts/inter": "^0.2.3",
      "@expo-google-fonts/roboto": "^0.2.3",
      "expo": "~48.0.18",
      "expo-app-loading": "^2.1.1",
      "expo-font": "~11.1.1",
      "expo-splash-screen": "~0.18.2",
      "expo-status-bar": "~1.4.4",
      "react": "18.2.0",
      "react-native": "0.71.8",
      "react-native-iphone-x-helper": "^1.3.1",
      "react-native-svg": "13.4.0"
    },
    "devDependencies": {
      "@babel/core": "^7.20.0",
      "@types/react": "~18.0.14",
      "@types/react-native": "^0.72.2",
      "react-native-svg-transformer": "^1.0.0",
      "typescript": "^4.9.4"
    },
    "private": true
  }

yarn manifest: 
  No manifest

Lockfile: 
  No lockfile
